nohup: ignoring input
MYSQLUSR = [royi]
MYSQLPASSWORD = [xXJiaJiaJia123]
[1;34m[===DBG===]: [0m主反应堆启动中...
[1;34m[===DBG===]: [0m主反应堆:  正常接收登陆请求...
[1;34m[===DBG===]: [0mMaster Reactor: 检测到用户名为 [royi] 的登陆请求,开始验证...
[1;34m[===DBG===]: [0msize = 552
[1;34m[===DBG===]: [0mMaster Reactor: 用户名为 [royi] 的登陆验证通过, 发送至Sub-Reactor
usr [royi] 登陆成功
[1;34m[===DBG===]: [0m从反应堆: 从反应堆正常启动
收到文件描述符成功: [6]
[1;34m[===DBG===]: [0m从反应堆: 会话 [6] 出现请求, 添加到任务队列
[royi] 向 所有人[All] 说: "123"
[1;34m[===DBG===]: [0mSub-Reactor[事务处理]: 线程正常退出
[1;34m[===DBG===]: [0m从反应堆: 会话 [6] 出现请求, 添加到任务队列
[royi] 向 所有人[All] 说: "2323"
[1;34m[===DBG===]: [0mSub-Reactor[事务处理]: 线程正常退出
[1;34m[===DBG===]: [0m从反应堆: 会话 [6] 出现请求, 添加到任务队列
[royi] 向 所有人[All] 说: "32"
[1;34m[===DBG===]: [0mSub-Reactor[事务处理]: 线程正常退出
[1;34m[===DBG===]: [0m从反应堆: 会话 [6] 出现请求, 添加到任务队列
[royi] 向 所有人[All] 说: "2"
[1;34m[===DBG===]: [0mSub-Reactor[事务处理]: 线程正常退出
[1;34m[===DBG===]: [0m从反应堆: 会话 [6] 出现请求, 添加到任务队列
[royi] 向 所有人[All] 说: "3"
[1;34m[===DBG===]: [0mSub-Reactor[事务处理]: 线程正常退出
[1;34m[===DBG===]: [0m从反应堆: 会话 [6] 出现请求, 添加到任务队列
[royi] 向 所有人[All] 说: "3"
[1;34m[===DBG===]: [0mSub-Reactor[事务处理]: 线程正常退出
[1;34m[===DBG===]: [0m从反应堆: 会话 [6] 出现请求, 添加到任务队列
[royi] 向 所有人[All] 说: "333333"
[1;34m[===DBG===]: [0mSub-Reactor[事务处理]: 线程正常退出
[1;34m[===DBG===]: [0m从反应堆: 会话 [6] 出现请求, 添加到任务队列
[royi] 向 所有人[All] 说: "333333hvuirsouvgbslrhb"
[1;34m[===DBG===]: [0mMaster Reactor: 线程正常退出
[1;34m[===DBG===]: [0mMaster Reactor: 检测到用户名为 [GET /config HTTP/1.1
Host: 8.130.131.34:8081
User-Agent: Go-http-client/1.1
Accept-Encoding: gzip

] 的登陆请求,开始验证...
[1;34m[===DBG===]: [0msize = 104
[1;34m[===DBG===]: [0mMaster Reactor: 用户名为 [GET /config HTTP/1.1
Host: 8.130.131.34:8081
User-Agent: Go-http-client/1.1
Accept-Encoding: gzip

] 的登陆验证未通过, 发送至Sub-Reactor
usr [GET /config HTTP/1.1
Host: 8.130.131.34:8081
User-Agent: Go-http-client/1.1
Accept-Encoding: gzip

] 登陆失败
[1;34m[===DBG===]: [0mSub-Reactor[事务处理]: 线程正常退出
[1;34m[===DBG===]: [0m[1;31m[心跳监测]: 新一轮的心跳监测开始了...
[0m[1;34m[===DBG===]: [0m[1;31m[♥️]: Send ♥️ to [royi]
[0m[1;34m[===DBG===]: [0m从反应堆: 会话 [6] 出现请求, 添加到任务队列
[1;34m[===DBG===]: [0mSub-Reactor[事务处理]: 接受到来自用户 [royi] 的心跳回复
[1;34m[===DBG===]: [0mSub-Reactor[事务处理]: 线程正常退出
[1;34m[===DBG===]: [0m[1;31m[心跳监测]: 新一轮的心跳监测开始了...
[0m[1;34m[===DBG===]: [0m[1;31m[♥️]: Send ♥️ to [royi]
[0m[1;34m[===DBG===]: [0m从反应堆: 会话 [6] 出现请求, 添加到任务队列
[1;34m[===DBG===]: [0mSub-Reactor[事务处理]: 接受到来自用户 [royi] 的心跳回复
[1;34m[===DBG===]: [0mSub-Reactor[事务处理]: 线程正常退出
[1;34m[===DBG===]: [0m[1;31m[心跳监测]: 新一轮的心跳监测开始了...
[0m[1;34m[===DBG===]: [0m[1;31m[♥️]: Send ♥️ to [royi]
[0m[1;34m[===DBG===]: [0m从反应堆: 会话 [6] 出现请求, 添加到任务队列
[1;34m[===DBG===]: [0mSub-Reactor[事务处理]: 接受到来自用户 [royi] 的心跳回复
[1;34m[===DBG===]: [0mSub-Reactor[事务处理]: 线程正常退出
[1;34m[===DBG===]: [0m[1;31m[心跳监测]: 新一轮的心跳监测开始了...
[0m[1;34m[===DBG===]: [0m[1;31m[♥️]: Send ♥️ to [royi]
[0m[1;34m[===DBG===]: [0m从反应堆: 会话 [6] 出现请求, 添加到任务队列
[1;34m[===DBG===]: [0mSub-Reactor[事务处理]: 接受到来自用户 [royi] 的心跳回复
[1;34m[===DBG===]: [0mSub-Reactor[事务处理]: 线程正常退出
[1;34m[===DBG===]: [0m[1;31m[心跳监测]: 新一轮的心跳监测开始了...
[0m[1;34m[===DBG===]: [0m[1;31m[♥️]: Send ♥️ to [royi]
[0m[1;34m[===DBG===]: [0m从反应堆: 会话 [6] 出现请求, 添加到任务队列
[1;34m[===DBG===]: [0mSub-Reactor[事务处理]: 接受到来自用户 [royi] 的心跳回复
[1;34m[===DBG===]: [0mSub-Reactor[事务处理]: 线程正常退出
[1;34m[===DBG===]: [0m[1;31m[心跳监测]: 新一轮的心跳监测开始了...
[0m[1;34m[===DBG===]: [0m[1;31m[♥️]: Send ♥️ to [royi]
[0m[1;34m[===DBG===]: [0m从反应堆: 会话 [6] 出现请求, 添加到任务队列
[1;34m[===DBG===]: [0mSub-Reactor[事务处理]: 接受到来自用户 [royi] 的心跳回复
[1;34m[===DBG===]: [0mSub-Reactor[事务处理]: 线程正常退出
[1;34m[===DBG===]: [0m从反应堆: 会话 [6] 出现请求, 添加到任务队列
[royi] 向 所有人[All] 说: "12323"
[1;34m[===DBG===]: [0mSub-Reactor[事务处理]: 线程正常退出
[1;34m[===DBG===]: [0m从反应堆: 会话 [6] 出现请求, 添加到任务队列
[royi] 向 所有人[All] 说: "32322"
[1;34m[===DBG===]: [0mSub-Reactor[事务处理]: 线程正常退出
[1;34m[===DBG===]: [0m从反应堆: 会话 [6] 出现请求, 添加到任务队列
[royi] 向 所有人[All] 说: "323232"
[1;34m[===DBG===]: [0mSub-Reactor[事务处理]: 线程正常退出
[1;34m[===DBG===]: [0m从反应堆: 会话 [6] 出现请求, 添加到任务队列
[royi] 向 所有人[All] 说: "3233223"
[1;34m[===DBG===]: [0mSub-Reactor[事务处理]: 线程正常退出
[1;34m[===DBG===]: [0m从反应堆: 会话 [6] 出现请求, 添加到任务队列
[royi] 向 所有人[All] 说: "kjdnkjebbsjfdvf"
[1;34m[===DBG===]: [0mSub-Reactor[事务处理]: 线程正常退出
[1;34m[===DBG===]: [0m从反应堆: 会话 [6] 出现请求, 添加到任务队列
用户 [royi] 申请退出,执行数据同步操作...
[1;34m[===DBG===]: [0mMaster Reactor: 线程正常退出
[1;34m[===DBG===]: [0mMaster Reactor: 检测到用户名为 [GET /config HTTP/1.1
Host: 8.130.131.34:8081
User-Agent: Go-http-client/1.1
Accept-Encoding: gzip

] 的登陆请求,开始验证...
[1;34m[===DBG===]: [0msize = 104
[1;34m[===DBG===]: [0mMaster Reactor: 用户名为 [GET /config HTTP/1.1
Host: 8.130.131.34:8081
User-Agent: Go-http-client/1.1
Accept-Encoding: gzip

] 的登陆验证未通过, 发送至Sub-Reactor
usr [GET /config HTTP/1.1
Host: 8.130.131.34:8081
User-Agent: Go-http-client/1.1
Accept-Encoding: gzip

] 登陆失败
[1;34m[===DBG===]: [0mMaster Reactor: 线程正常退出
[1;34m[===DBG===]: [0mMaster Reactor: 检测到用户名为 [royi] 的登陆请求,开始验证...
[1;34m[===DBG===]: [0msize = 552
[1;34m[===DBG===]: [0mMaster Reactor: 用户名为 [royi] 的登陆验证通过, 发送至Sub-Reactor
usr [royi] 登陆成功
[1;34m[===DBG===]: [0mSub-Reactor[事务处理]: 线程正常退出
[1;34m[===DBG===]: [0m[1;31m[心跳监测]: 新一轮的心跳监测开始了...
[0m[1;34m[===DBG===]: [0m[1;31m[心跳监测]: 新一轮的心跳监测开始了...
[0m[1;34m[===DBG===]: [0m[1;31m[心跳监测]: 新一轮的心跳监测开始了...
[0m[1;34m[===DBG===]: [0m[1;31m[心跳监测]: 新一轮的心跳监测开始了...
[0m[1;34m[===DBG===]: [0m[1;31m[心跳监测]: 新一轮的心跳监测开始了...
[0m[1;34m[===DBG===]: [0m[1;31m[心跳监测]: 新一轮的心跳监测开始了...
[0m[1;34m[===DBG===]: [0m[1;31m[心跳监测]: 新一轮的心跳监测开始了...
[0m[1;34m[===DBG===]: [0m[1;31m[心跳监测]: 新一轮的心跳监测开始了...
[0m[1;34m[===DBG===]: [0m[1;31m[心跳监测]: 新一轮的心跳监测开始了...
[0m[1;34m[===DBG===]: [0m[1;31m[心跳监测]: 新一轮的心跳监测开始了...
[0m[1;34m[===DBG===]: [0m[1;31m[心跳监测]: 新一轮的心跳监测开始了...
[0m[1;34m[===DBG===]: [0m[1;31m[心跳监测]: 新一轮的心跳监测开始了...
[0m[1;34m[===DBG===]: [0m[1;31m[心跳监测]: 新一轮的心跳监测开始了...
[0m[1;34m[===DBG===]: [0m[1;31m[心跳监测]: 新一轮的心跳监测开始了...
[0m[1;34m[===DBG===]: [0m[1;31m[心跳监测]: 新一轮的心跳监测开始了...
[0m[1;34m[===DBG===]: [0m[1;31m[心跳监测]: 新一轮的心跳监测开始了...
[0m[1;34m[===DBG===]: [0m[1;31m[心跳监测]: 新一轮的心跳监测开始了...
[0m收到文件描述符成功: [6]
[1;34m[===DBG===]: [0m从反应堆: 会话 [6] 出现请求, 添加到任务队列
[royi] 向 所有人[All] 说: "123"
[1;34m[===DBG===]: [0mSub-Reactor[事务处理]: 线程正常退出
[1;34m[===DBG===]: [0m从反应堆: 会话 [6] 出现请求, 添加到任务队列
[royi] 向 所有人[All] 说: "232323"
[1;34m[===DBG===]: [0mSub-Reactor[事务处理]: 线程正常退出
[1;34m[===DBG===]: [0m从反应堆: 会话 [6] 出现请求, 添加到任务队列
[royi] 向 所有人[All] 说: "32323323"
[1;34m[===DBG===]: [0mSub-Reactor[事务处理]: 线程正常退出
[1;34m[===DBG===]: [0m从反应堆: 会话 [6] 出现请求, 添加到任务队列
用户 [royi] 申请退出,执行数据同步操作...
